## Moxie System Heartbeat Log

---

### [2026-04-01 15:07:35 UTC] Heartbeat Check

**Status:** HEALTHY (idle state)

**Employee Summary:**
| Employee | Status | Current State |
|----------|--------|---------------|
| Vale | COMPLETED | IDLE — next scan 2026-05-01 |
| Astra | COMPLETED | IDLE — awaiting new assignments |
| Kiro | COMPLETED | IDLE — awaiting Rishi review + next assignment |
| Ember | IDLE | BLOCKED — needs Reddit credentials |
| Forge | COMPLETED | IDLE — SEO fixes await approval |
| Mira | COMPLETED | IDLE — awaiting new analytics tasks |
| Nova | COMPLETED | IDLE — campaign naming/UTMs pending dispatch |
| Jax | COMPLETED | BLOCKED — needs hello@formbeep.com access |
| Rumi | COMPLETED | IDLE — next scan 2026-04-10 |
| Pax | COMPLETED | BLOCKED — portal credentials + verified contacts |
| Luna | COMPLETED | IDLE — no queued tasks |
| Orion | COMPLETED | IDLE — needs sending infrastructure |
| Iris | IDLE | Weekly copy audit — first run 2026-04-06 |

**Dispatch Queue Status:**
- 0 IN_PROGRESS
- 0 QUEUED
- 0 BLOCKED
- 38 COMPLETED tasks

**Active Blockers (require Rishi action):**
1. Reddit account credentials → Ember cannot execute Reddit campaign
2. hello@formbeep.com access → Jax cannot execute P1 directory submissions
3. Portal credentials (Webflow/Framer/Glide/Softr) → Pax cannot follow up on platform applications
4. Sending infrastructure → Orion cannot execute cold outreach

**System Notes:**
- All workers operational (35+ cron jobs active)
- Telegram delivery confirmed (chat_id: 6699776435)
- Next scheduled tasks: Iris weekly audit (2026-04-06), Vale monthly scan (2026-05-01)
- No new tasks to dispatch — queue is empty

**Action Required:** None during this heartbeat. System in standby awaiting:
1. Rishi action items (credentials/access)
2. New tasks from dispatch queue

---